<?xml version="1.0" encoding="UTF-8"?>
<testng-results ignored="0" total="4" passed="4" failed="0" skipped="0">
  <reporter-output>
  </reporter-output>
  <suite started-at="2022-06-13T17:39:23 IST" name="Default suite" finished-at="2022-06-13T17:39:28 IST" duration-ms="5100">
    <groups>
    </groups>
    <test started-at="2022-06-13T17:39:23 IST" name="Default test" finished-at="2022-06-13T17:39:28 IST" duration-ms="5100">
      <class name="test_api.TestOne">
        <test-method is-config="true" signature="report()[pri:0, instance:test_api.TestOne@74f0ea28]" started-at="2022-06-13T17:39:23 IST" name="report" finished-at="2022-06-13T17:39:23 IST" duration-ms="251" status="PASS">
          <reporter-output>
          </reporter-output>
        </test-method> <!-- report -->
        <test-method signature="testGET()[pri:1, instance:test_api.TestOne@74f0ea28]" started-at="2022-06-13T17:39:23 IST" name="testGET" description="GET method" finished-at="2022-06-13T17:39:26 IST" duration-ms="3013" status="PASS">
          <reporter-output>
          </reporter-output>
        </test-method> <!-- testGET -->
        <test-method signature="testPOST()[pri:2, instance:test_api.TestOne@74f0ea28]" started-at="2022-06-13T17:39:26 IST" name="testPOST" description="POST method" finished-at="2022-06-13T17:39:27 IST" duration-ms="454" status="PASS">
          <reporter-output>
          </reporter-output>
        </test-method> <!-- testPOST -->
        <test-method signature="testDELETE()[pri:3, instance:test_api.TestOne@74f0ea28]" started-at="2022-06-13T17:39:27 IST" name="testDELETE" description="DELETE method" finished-at="2022-06-13T17:39:27 IST" duration-ms="495" status="PASS">
          <reporter-output>
          </reporter-output>
        </test-method> <!-- testDELETE -->
        <test-method signature="testPUT()[pri:4, instance:test_api.TestOne@74f0ea28]" started-at="2022-06-13T17:39:27 IST" name="testPUT" description="PUT method" finished-at="2022-06-13T17:39:28 IST" duration-ms="545" status="PASS">
          <reporter-output>
          </reporter-output>
        </test-method> <!-- testPUT -->
        <test-method is-config="true" signature="endReport()[pri:0, instance:test_api.TestOne@74f0ea28]" started-at="2022-06-13T17:39:28 IST" name="endReport" finished-at="2022-06-13T17:39:28 IST" duration-ms="275" status="PASS">
          <reporter-output>
          </reporter-output>
        </test-method> <!-- endReport -->
      </class> <!-- test_api.TestOne -->
    </test> <!-- Default test -->
  </suite> <!-- Default suite -->
</testng-results>
