<?xml version="1.0" encoding="UTF-8"?>
<!-- Generated by org.testng.reporters.JUnitXMLReporter -->
<testsuite ignored="0" hostname="Shikha" failures="0" tests="4" name="Default test" time="5.1" errors="0" timestamp="2022-06-13T17:39:28 IST">
  <testcase classname="test_api.TestOne" name="testGET" time="3.013"/>
  <testcase classname="test_api.TestOne" name="testPOST" time="0.454"/>
  <testcase classname="test_api.TestOne" name="testDELETE" time="0.495"/>
  <testcase classname="test_api.TestOne" name="testPUT" time="0.545"/>
</testsuite> <!-- Default test -->
